<?xml version="1.0" encoding="UTF-8"?>
<!-- Generated by org.testng.reporters.JUnitReportReporter -->
<testsuite hostname="BRAHMA-2" name="com.wbl.RestAPIAutomation.base.BaseApi" tests="1" failures="0" timestamp="23 May 2017 21:09:31 GMT" time="0.562" errors="0">
  <testcase name="get" time="0.562" classname="com.wbl.RestAPIAutomation.base.BaseApi"/>
</testsuite> <!-- com.wbl.RestAPIAutomation.base.BaseApi -->
