<?xml version="1.0" encoding="UTF-8"?>
<!-- Generated by org.testng.reporters.JUnitReportReporter -->
<testsuite hostname="BRAHMA-2" name="com.wbl.RestAPIAutomation.TalentScreenTest" tests="3" failures="2" timestamp="30 May 2017 21:47:33 GMT" time="0.743" errors="0">
  <testcase name="deleteSubjectsTest" time="0.000" classname="com.wbl.RestAPIAutomation.TalentScreenTest"/>
  <testcase name="postSubjectsTest" time="0.663" classname="com.wbl.RestAPIAutomation.TalentScreenTest"/>
  <testcase name="updateSubjectsTest" time="0.080" classname="com.wbl.RestAPIAutomation.TalentScreenTest">
    <failure type="org.json.JSONException" message="JSONObject[&quot;id&quot;] not found.">
      <![CDATA[org.json.JSONException: JSONObject["id"] not found.
	at org.json.JSONObject.get(JSONObject.java:471)
	at com.wbl.RestAPIAutomation.TalentScreenTest.updateSubjectsTest(TalentScreenTest.java:75)
	at sun.reflect.NativeMethodAccessorImpl.invoke0(Native Method)
	at sun.reflect.NativeMethodAccessorImpl.invoke(Unknown Source)
	at sun.reflect.DelegatingMethodAccessorImpl.invoke(Unknown Source)
	at java.lang.reflect.Method.invoke(Unknown Source)
	at org.testng.internal.MethodInvocationHelper.invokeMethod(MethodInvocationHelper.java:80)
	at org.testng.internal.Invoker.invokeMethod(Invoker.java:714)
	at org.testng.internal.Invoker.invokeTestMethod(Invoker.java:901)
	at org.testng.internal.Invoker.invokeTestMethods(Invoker.java:1231)
	at org.testng.internal.TestMethodWorker.invokeTestMethods(TestMethodWorker.java:127)
	at org.testng.internal.TestMethodWorker.run(TestMethodWorker.java:111)
	at org.testng.TestRunner.privateRun(TestRunner.java:767)
	at org.testng.TestRunner.run(TestRunner.java:617)
	at org.testng.SuiteRunner.runTest(SuiteRunner.java:334)
	at org.testng.SuiteRunner.runSequentially(SuiteRunner.java:329)
	at org.testng.SuiteRunner.privateRun(SuiteRunner.java:291)
	at org.testng.SuiteRunner.run(SuiteRunner.java:240)
	at org.testng.SuiteRunnerWorker.runSuite(SuiteRunnerWorker.java:52)
	at org.testng.SuiteRunnerWorker.run(SuiteRunnerWorker.java:86)
	at org.testng.TestNG.runSuitesSequentially(TestNG.java:1198)
	at org.testng.TestNG.runSuitesLocally(TestNG.java:1123)
	at org.testng.TestNG.run(TestNG.java:1031)
	at org.testng.remote.AbstractRemoteTestNG.run(AbstractRemoteTestNG.java:132)
	at org.testng.remote.RemoteTestNG.initAndRun(RemoteTestNG.java:230)
	at org.testng.remote.RemoteTestNG.main(RemoteTestNG.java:76)
]]>
    </failure>
  </testcase> <!-- updateSubjectsTest -->
</testsuite> <!-- com.wbl.RestAPIAutomation.TalentScreenTest -->
