<?xml version="1.0" encoding="UTF-8"?>
<!-- Generated by org.testng.reporters.JUnitReportReporter -->
<testsuite hostname="BRAHMA-2" name="com.wbl.RestAPIAutomation.ItunesTest" tests="1" failures="0" timestamp="25 May 2017 20:15:51 GMT" time="1.395" errors="0">
  <testcase name="getItunesAPI" time="1.395" classname="com.wbl.RestAPIAutomation.ItunesTest"/>
</testsuite> <!-- com.wbl.RestAPIAutomation.ItunesTest -->
