<?xml version="1.0" encoding="UTF-8"?>
<!-- Generated by org.testng.reporters.JUnitReportReporter -->
<testsuite hostname="BRAHMA-2" name="com.wbl.RestAPIAutomation.TwitterTest" tests="1" failures="0" timestamp="1 Jun 2017 19:02:57 GMT" time="0.357" errors="0">
  <testcase name="postAccountTestingTest" time="0.357" classname="com.wbl.RestAPIAutomation.TwitterTest"/>
</testsuite> <!-- com.wbl.RestAPIAutomation.TwitterTest -->
