<?xml version="1.0" encoding="UTF-8"?>
<!-- Generated by org.testng.reporters.JUnitReportReporter -->
<testsuite hostname="BRAHMA-2" name="com.wbl.RestAssured_Automation.RestAssuredAPITest" tests="2" failures="0" timestamp="3 Jun 2017 00:28:47 GMT" time="3.126" errors="0">
  <testcase name="postTest" time="0.986" classname="com.wbl.RestAssured_Automation.RestAssuredAPITest"/>
  <testcase name="getTest" time="2.140" classname="com.wbl.RestAssured_Automation.RestAssuredAPITest"/>
</testsuite> <!-- com.wbl.RestAssured_Automation.RestAssuredAPITest -->
